<?xml version="1.0" encoding="UTF-8"?>
<testsuite xmlns:xsi="http://www.w3.org/2001/XMLSchema-instance" xsi:noNamespaceSchemaLocation="https://maven.apache.org/surefire/maven-surefire-plugin/xsd/surefire-test-report-3.0.xsd" version="3.0" name="com.endava.calculator.CalculatorTest" time="0.365" tests="35" errors="0" skipped="0" failures="0">
  <properties>
    <property name="sun.desktop" value="windows"/>
    <property name="awt.toolkit" value="sun.awt.windows.WToolkit"/>
    <property name="java.specification.version" value="11"/>
    <property name="sun.cpu.isalist" value="amd64"/>
    <property name="sun.jnu.encoding" value="Cp1252"/>
    <property name="java.class.path" value="C:\Users\AmBarbieru\IdeaProjects\mavenCalculator\target\test-classes;C:\Users\AmBarbieru\IdeaProjects\mavenCalculator\target\classes;C:\Users\AmBarbieru\.m2\repository\commons-io\commons-io\2.11.0\commons-io-2.11.0.jar;C:\Users\AmBarbieru\.m2\repository\org\apache\commons\commons-lang3\3.12.0\commons-lang3-3.12.0.jar;C:\Users\AmBarbieru\.m2\repository\org\apache\logging\log4j\log4j-api\2.17.1\log4j-api-2.17.1.jar;C:\Users\AmBarbieru\.m2\repository\org\apache\logging\log4j\log4j-core\2.17.1\log4j-core-2.17.1.jar;C:\Users\AmBarbieru\.m2\repository\com\google\code\gson\gson\2.8.9\gson-2.8.9.jar;C:\Users\AmBarbieru\.m2\repository\com\fasterxml\jackson\core\jackson-databind\2.13.1\jackson-databind-2.13.1.jar;C:\Users\AmBarbieru\.m2\repository\com\fasterxml\jackson\core\jackson-annotations\2.13.1\jackson-annotations-2.13.1.jar;C:\Users\AmBarbieru\.m2\repository\com\fasterxml\jackson\core\jackson-core\2.13.1\jackson-core-2.13.1.jar;C:\Users\AmBarbieru\.m2\repository\commons-dbutils\commons-dbutils\1.7\commons-dbutils-1.7.jar;C:\Users\AmBarbieru\.m2\repository\mysql\mysql-connector-java\8.0.28\mysql-connector-java-8.0.28.jar;C:\Users\AmBarbieru\.m2\repository\com\google\protobuf\protobuf-java\3.11.4\protobuf-java-3.11.4.jar;C:\Users\AmBarbieru\.m2\repository\org\junit\jupiter\junit-jupiter-api\5.8.2\junit-jupiter-api-5.8.2.jar;C:\Users\AmBarbieru\.m2\repository\org\opentest4j\opentest4j\1.2.0\opentest4j-1.2.0.jar;C:\Users\AmBarbieru\.m2\repository\org\junit\platform\junit-platform-commons\1.8.2\junit-platform-commons-1.8.2.jar;C:\Users\AmBarbieru\.m2\repository\org\apiguardian\apiguardian-api\1.1.2\apiguardian-api-1.1.2.jar;C:\Users\AmBarbieru\.m2\repository\org\junit\jupiter\junit-jupiter-params\5.8.2\junit-jupiter-params-5.8.2.jar;"/>
    <property name="java.vm.vendor" value="Azul Systems, Inc."/>
    <property name="sun.arch.data.model" value="64"/>
    <property name="user.variant" value=""/>
    <property name="java.vendor.url" value="http://www.azul.com/"/>
    <property name="user.timezone" value="Europe/Athens"/>
    <property name="java.vm.specification.version" value="11"/>
    <property name="os.name" value="Windows 10"/>
    <property name="sun.java.launcher" value="SUN_STANDARD"/>
    <property name="user.country" value="US"/>
    <property name="sun.boot.library.path" value="C:\Program Files\Zulu\zulu-11\bin"/>
    <property name="sun.java.command" value="C:\Users\AmBarbieru\AppData\Local\Temp\surefire7579389025581824601\surefirebooter5026430190108165994.jar C:\Users\AmBarbieru\AppData\Local\Temp\surefire7579389025581824601 2022-01-26T19-40-40_598-jvmRun1 surefire15971838513080322135tmp surefire_04091252722915047496tmp"/>
    <property name="jdk.debug" value="release"/>
    <property name="surefire.test.class.path" value="C:\Users\AmBarbieru\IdeaProjects\mavenCalculator\target\test-classes;C:\Users\AmBarbieru\IdeaProjects\mavenCalculator\target\classes;C:\Users\AmBarbieru\.m2\repository\commons-io\commons-io\2.11.0\commons-io-2.11.0.jar;C:\Users\AmBarbieru\.m2\repository\org\apache\commons\commons-lang3\3.12.0\commons-lang3-3.12.0.jar;C:\Users\AmBarbieru\.m2\repository\org\apache\logging\log4j\log4j-api\2.17.1\log4j-api-2.17.1.jar;C:\Users\AmBarbieru\.m2\repository\org\apache\logging\log4j\log4j-core\2.17.1\log4j-core-2.17.1.jar;C:\Users\AmBarbieru\.m2\repository\com\google\code\gson\gson\2.8.9\gson-2.8.9.jar;C:\Users\AmBarbieru\.m2\repository\com\fasterxml\jackson\core\jackson-databind\2.13.1\jackson-databind-2.13.1.jar;C:\Users\AmBarbieru\.m2\repository\com\fasterxml\jackson\core\jackson-annotations\2.13.1\jackson-annotations-2.13.1.jar;C:\Users\AmBarbieru\.m2\repository\com\fasterxml\jackson\core\jackson-core\2.13.1\jackson-core-2.13.1.jar;C:\Users\AmBarbieru\.m2\repository\commons-dbutils\commons-dbutils\1.7\commons-dbutils-1.7.jar;C:\Users\AmBarbieru\.m2\repository\mysql\mysql-connector-java\8.0.28\mysql-connector-java-8.0.28.jar;C:\Users\AmBarbieru\.m2\repository\com\google\protobuf\protobuf-java\3.11.4\protobuf-java-3.11.4.jar;C:\Users\AmBarbieru\.m2\repository\org\junit\jupiter\junit-jupiter-api\5.8.2\junit-jupiter-api-5.8.2.jar;C:\Users\AmBarbieru\.m2\repository\org\opentest4j\opentest4j\1.2.0\opentest4j-1.2.0.jar;C:\Users\AmBarbieru\.m2\repository\org\junit\platform\junit-platform-commons\1.8.2\junit-platform-commons-1.8.2.jar;C:\Users\AmBarbieru\.m2\repository\org\apiguardian\apiguardian-api\1.1.2\apiguardian-api-1.1.2.jar;C:\Users\AmBarbieru\.m2\repository\org\junit\jupiter\junit-jupiter-params\5.8.2\junit-jupiter-params-5.8.2.jar;"/>
    <property name="sun.cpu.endian" value="little"/>
    <property name="user.home" value="C:\Users\AmBarbieru"/>
    <property name="user.language" value="en"/>
    <property name="java.specification.vendor" value="Oracle Corporation"/>
    <property name="java.version.date" value="2021-10-19"/>
    <property name="java.home" value="C:\Program Files\Zulu\zulu-11"/>
    <property name="file.separator" value="\"/>
    <property name="basedir" value="C:\Users\AmBarbieru\IdeaProjects\mavenCalculator"/>
    <property name="java.vm.compressedOopsMode" value="Zero based"/>
    <property name="line.separator" value="&#10;"/>
    <property name="java.specification.name" value="Java Platform API Specification"/>
    <property name="java.vm.specification.vendor" value="Oracle Corporation"/>
    <property name="jdk.vendor.version" value="Zulu11.52+13-CA"/>
    <property name="java.awt.graphicsenv" value="sun.awt.Win32GraphicsEnvironment"/>
    <property name="surefire.real.class.path" value="C:\Users\AmBarbieru\AppData\Local\Temp\surefire7579389025581824601\surefirebooter5026430190108165994.jar"/>
    <property name="user.script" value=""/>
    <property name="sun.management.compiler" value="HotSpot 64-Bit Tiered Compilers"/>
    <property name="java.runtime.version" value="11.0.13+8-LTS"/>
    <property name="user.name" value="AmBarbieru"/>
    <property name="path.separator" value=";"/>
    <property name="os.version" value="10.0"/>
    <property name="java.runtime.name" value="OpenJDK Runtime Environment"/>
    <property name="file.encoding" value="Cp1252"/>
    <property name="java.vm.name" value="OpenJDK 64-Bit Server VM"/>
    <property name="java.vendor.version" value="Zulu11.52+13-CA"/>
    <property name="localRepository" value="C:\Users\AmBarbieru\.m2\repository"/>
    <property name="java.vendor.url.bug" value="http://www.azul.com/support/"/>
    <property name="java.io.tmpdir" value="C:\Users\AMBARB~1\AppData\Local\Temp\"/>
    <property name="idea.version" value="2021.3.1"/>
    <property name="java.version" value="11.0.13"/>
    <property name="user.dir" value="C:\Users\AmBarbieru\IdeaProjects\mavenCalculator"/>
    <property name="os.arch" value="amd64"/>
    <property name="java.vm.specification.name" value="Java Virtual Machine Specification"/>
    <property name="java.awt.printerjob" value="sun.awt.windows.WPrinterJob"/>
    <property name="sun.os.patch.level" value=""/>
    <property name="java.library.path" value="C:\Program Files\Zulu\zulu-11\bin;C:\WINDOWS\Sun\Java\bin;C:\WINDOWS\system32;C:\WINDOWS;C:\Program Files\Zulu\zulu-11\bin\;C:\WINDOWS\system32;C:\WINDOWS;C:\WINDOWS\System32\Wbem;C:\WINDOWS\System32\WindowsPowerShell\v1.0\;C:\WINDOWS\System32\OpenSSH\;C:\Program Files\Git\cmd;C:\Users\AmBarbieru\Downloads\apache-maven-3.8.4\bin;C:\Users\AmBarbieru\AppData\Local\Microsoft\WindowsApps;C:\Program Files\Zulu\zulu-11\bin\;;."/>
    <property name="java.vm.info" value="mixed mode"/>
    <property name="java.vendor" value="Azul Systems, Inc."/>
    <property name="java.vm.version" value="11.0.13+8-LTS"/>
    <property name="sun.io.unicode.encoding" value="UnicodeLittle"/>
    <property name="java.class.version" value="55.0"/>
  </properties>
  <testcase name="shouldMultiplyNoOperands" classname="com.endava.calculator.CalculatorTest" time="0.045">
    <system-out><![CDATA[Before All

Before Each
19:40:42.671 [main] INFO  com.endava.extensions.TestReporterExtension - Starting test CalculatorTest/shouldMultiplyNoOperands()
1
19:40:42.675 [main] INFO  com.endava.extensions.TestReporterExtension - Finishing test CalculatorTest/shouldMultiplyNoOperands()
After Each

]]></system-out>
  </testcase>
  <testcase name="shouldMultiplyNegativeNumbers" classname="com.endava.calculator.CalculatorTest" time="0.004">
    <system-out><![CDATA[
Before Each
19:40:42.691 [main] INFO  com.endava.extensions.TestReporterExtension - Starting test CalculatorTest/shouldMultiplyNegativeNumbers()
8
19:40:42.691 [main] INFO  com.endava.extensions.TestReporterExtension - Finishing test CalculatorTest/shouldMultiplyNegativeNumbers()
After Each

]]></system-out>
  </testcase>
  <testcase name="shouldAddBigNumbers" classname="com.endava.calculator.CalculatorTest" time="0">
    <system-out><![CDATA[
Before Each
19:40:42.695 [main] INFO  com.endava.extensions.TestReporterExtension - Starting test CalculatorTest/shouldAddBigNumbers()
2147483648
19:40:42.695 [main] INFO  com.endava.extensions.TestReporterExtension - Finishing test CalculatorTest/shouldAddBigNumbers()
After Each

]]></system-out>
  </testcase>
  <testcase name="shouldMultiplyMoreThan2Operands(Integer, Integer, Integer)[1]" classname="com.endava.calculator.CalculatorTest" time="0.04">
    <system-out><![CDATA[
Before Each
19:40:42.742 [main] INFO  com.endava.extensions.TestReporterExtension - Starting test CalculatorTest/[1] 1, 2, 3
6
19:40:42.782 [main] INFO  com.endava.extensions.TestReporterExtension - Finishing test CalculatorTest/[1] 1, 2, 3
After Each

]]></system-out>
  </testcase>
  <testcase name="shouldMultiplyMoreThan2Operands(Integer, Integer, Integer)[2]" classname="com.endava.calculator.CalculatorTest" time="0.004">
    <system-out><![CDATA[
Before Each
19:40:42.786 [main] INFO  com.endava.extensions.TestReporterExtension - Starting test CalculatorTest/[2] 2, 4, 5
40
19:40:42.790 [main] INFO  com.endava.extensions.TestReporterExtension - Finishing test CalculatorTest/[2] 2, 4, 5
After Each

]]></system-out>
  </testcase>
  <testcase name="shouldMultiplyMoreThan2Operands(Integer, Integer, Integer)[3]" classname="com.endava.calculator.CalculatorTest" time="0.002">
    <system-out><![CDATA[
Before Each
19:40:42.865 [main] INFO  com.endava.extensions.TestReporterExtension - Starting test CalculatorTest/[3] 1, 2, 3
6
19:40:42.865 [main] INFO  com.endava.extensions.TestReporterExtension - Finishing test CalculatorTest/[3] 1, 2, 3
After Each

]]></system-out>
  </testcase>
  <testcase name="shouldMultiplyMoreThan2Operands(Integer, Integer, Integer)[4]" classname="com.endava.calculator.CalculatorTest" time="0.004">
    <system-out><![CDATA[
Before Each
19:40:42.869 [main] INFO  com.endava.extensions.TestReporterExtension - Starting test CalculatorTest/[4] 2, 4, 5
40
19:40:42.869 [main] INFO  com.endava.extensions.TestReporterExtension - Finishing test CalculatorTest/[4] 2, 4, 5
After Each

]]></system-out>
  </testcase>
  <testcase name="shouldMultiplyMoreThan2Operands(Integer, Integer, Integer)[5]" classname="com.endava.calculator.CalculatorTest" time="0.004">
    <system-out><![CDATA[
Before Each
19:40:42.873 [main] INFO  com.endava.extensions.TestReporterExtension - Starting test CalculatorTest/[5] 6, 7, 8
336
19:40:42.873 [main] INFO  com.endava.extensions.TestReporterExtension - Finishing test CalculatorTest/[5] 6, 7, 8
After Each

]]></system-out>
  </testcase>
  <testcase name="shouldAddNoOperands" classname="com.endava.calculator.CalculatorTest" time="0">
    <system-out><![CDATA[
Before Each
19:40:42.875 [main] INFO  com.endava.extensions.TestReporterExtension - Starting test CalculatorTest/shouldAddNoOperands()
0
19:40:42.875 [main] INFO  com.endava.extensions.TestReporterExtension - Finishing test CalculatorTest/shouldAddNoOperands()
After Each

]]></system-out>
  </testcase>
  <testcase name="shouldMultiplyNumbersGivenOperand0(int, int)[1]" classname="com.endava.calculator.CalculatorTest" time="0.002">
    <system-out><![CDATA[
Before Each
19:40:42.883 [main] INFO  com.endava.extensions.TestReporterExtension - Starting test CalculatorTest/[1] 0, 2
0
19:40:42.885 [main] INFO  com.endava.extensions.TestReporterExtension - Finishing test CalculatorTest/[1] 0, 2
After Each

]]></system-out>
  </testcase>
  <testcase name="shouldMultiplyNumbersGivenOperand0(int, int)[2]" classname="com.endava.calculator.CalculatorTest" time="0.004">
    <system-out><![CDATA[
Before Each
19:40:42.885 [main] INFO  com.endava.extensions.TestReporterExtension - Starting test CalculatorTest/[2] 2, 0
0
19:40:42.885 [main] INFO  com.endava.extensions.TestReporterExtension - Finishing test CalculatorTest/[2] 2, 0
After Each

]]></system-out>
  </testcase>
  <testcase name="shouldMultiplyNumbersGivenOperand1(int, int)[1]" classname="com.endava.calculator.CalculatorTest" time="0.004">
    <system-out><![CDATA[
Before Each
19:40:42.889 [main] INFO  com.endava.extensions.TestReporterExtension - Starting test CalculatorTest/[1] 1, 2
2
19:40:42.893 [main] INFO  com.endava.extensions.TestReporterExtension - Finishing test CalculatorTest/[1] 1, 2
After Each

]]></system-out>
  </testcase>
  <testcase name="shouldMultiplyNumbersGivenOperand1(int, int)[2]" classname="com.endava.calculator.CalculatorTest" time="0.002">
    <system-out><![CDATA[
Before Each
19:40:42.895 [main] INFO  com.endava.extensions.TestReporterExtension - Starting test CalculatorTest/[2] 2, 1
2
19:40:42.895 [main] INFO  com.endava.extensions.TestReporterExtension - Finishing test CalculatorTest/[2] 2, 1
After Each

]]></system-out>
  </testcase>
  <testcase name="shouldPowExponentOrBaseNegative(int, int)[1]" classname="com.endava.calculator.CalculatorTest" time="0.008">
    <system-out><![CDATA[
Before Each
19:40:42.899 [main] INFO  com.endava.extensions.TestReporterExtension - Starting test CalculatorTest/[1] -1, 2
1.0
19:40:42.899 [main] INFO  com.endava.extensions.TestReporterExtension - Finishing test CalculatorTest/[1] -1, 2
After Each

]]></system-out>
  </testcase>
  <testcase name="shouldPowExponentOrBaseNegative(int, int)[2]" classname="com.endava.calculator.CalculatorTest" time="0.002">
    <system-out><![CDATA[
Before Each
19:40:42.905 [main] INFO  com.endava.extensions.TestReporterExtension - Starting test CalculatorTest/[2] 2, -1
0.5
19:40:42.905 [main] INFO  com.endava.extensions.TestReporterExtension - Finishing test CalculatorTest/[2] 2, -1
After Each

]]></system-out>
  </testcase>
  <testcase name="shouldPowNegativeNumbers" classname="com.endava.calculator.CalculatorTest" time="0.004">
    <system-out><![CDATA[
Before Each
19:40:42.905 [main] INFO  com.endava.extensions.TestReporterExtension - Starting test CalculatorTest/shouldPowNegativeNumbers()
0.0625
19:40:42.905 [main] INFO  com.endava.extensions.TestReporterExtension - Finishing test CalculatorTest/shouldPowNegativeNumbers()
After Each

]]></system-out>
  </testcase>
  <testcase name="shouldPowBigNumbers" classname="com.endava.calculator.CalculatorTest" time="0">
    <system-out><![CDATA[
Before Each
19:40:42.909 [main] INFO  com.endava.extensions.TestReporterExtension - Starting test CalculatorTest/shouldPowBigNumbers()
2.147483647E9
19:40:42.909 [main] INFO  com.endava.extensions.TestReporterExtension - Finishing test CalculatorTest/shouldPowBigNumbers()
After Each

]]></system-out>
  </testcase>
  <testcase name="shouldFactBigNumbers" classname="com.endava.calculator.CalculatorTest" time="0">
    <system-out><![CDATA[
Before Each
19:40:42.909 [main] INFO  com.endava.extensions.TestReporterExtension - Starting test CalculatorTest/shouldFactBigNumbers()
-8764578968847253504
19:40:42.909 [main] INFO  com.endava.extensions.TestReporterExtension - Finishing test CalculatorTest/shouldFactBigNumbers()
After Each

]]></system-out>
  </testcase>
  <testcase name="shouldAddMoreThan2Operands(Integer, Integer, Integer)[1]" classname="com.endava.calculator.CalculatorTest" time="0.004">
    <system-out><![CDATA[
Before Each
19:40:42.915 [main] INFO  com.endava.extensions.TestReporterExtension - Starting test CalculatorTest/[1] 1, 2, 3
6
19:40:42.915 [main] INFO  com.endava.extensions.TestReporterExtension - Finishing test CalculatorTest/[1] 1, 2, 3
After Each

]]></system-out>
  </testcase>
  <testcase name="shouldAddMoreThan2Operands(Integer, Integer, Integer)[2]" classname="com.endava.calculator.CalculatorTest" time="0">
    <system-out><![CDATA[
Before Each
19:40:42.919 [main] INFO  com.endava.extensions.TestReporterExtension - Starting test CalculatorTest/[2] 2, 4, 5
11
19:40:42.919 [main] INFO  com.endava.extensions.TestReporterExtension - Finishing test CalculatorTest/[2] 2, 4, 5
After Each

]]></system-out>
  </testcase>
  <testcase name="shouldAddMoreThan2Operands(Integer, Integer, Integer)[3]" classname="com.endava.calculator.CalculatorTest" time="0.004">
    <system-out><![CDATA[
Before Each
19:40:42.927 [main] INFO  com.endava.extensions.TestReporterExtension - Starting test CalculatorTest/[3] 1, 2, 3
6
19:40:42.931 [main] INFO  com.endava.extensions.TestReporterExtension - Finishing test CalculatorTest/[3] 1, 2, 3
After Each

]]></system-out>
  </testcase>
  <testcase name="shouldAddMoreThan2Operands(Integer, Integer, Integer)[4]" classname="com.endava.calculator.CalculatorTest" time="0.004">
    <system-out><![CDATA[
Before Each
19:40:42.931 [main] INFO  com.endava.extensions.TestReporterExtension - Starting test CalculatorTest/[4] 2, 4, 5
11
19:40:42.935 [main] INFO  com.endava.extensions.TestReporterExtension - Finishing test CalculatorTest/[4] 2, 4, 5
After Each

]]></system-out>
  </testcase>
  <testcase name="shouldAddMoreThan2Operands(Integer, Integer, Integer)[5]" classname="com.endava.calculator.CalculatorTest" time="0">
    <system-out><![CDATA[
Before Each
19:40:42.937 [main] INFO  com.endava.extensions.TestReporterExtension - Starting test CalculatorTest/[5] 6, 7, 8
21
19:40:42.937 [main] INFO  com.endava.extensions.TestReporterExtension - Finishing test CalculatorTest/[5] 6, 7, 8
After Each

]]></system-out>
  </testcase>
  <testcase name="shouldAddNumbersGivenOperand0(int, int)[1]" classname="com.endava.calculator.CalculatorTest" time="0">
    <system-out><![CDATA[
Before Each
19:40:42.941 [main] INFO  com.endava.extensions.TestReporterExtension - Starting test CalculatorTest/[1] 0, 2
2
19:40:42.941 [main] INFO  com.endava.extensions.TestReporterExtension - Finishing test CalculatorTest/[1] 0, 2
After Each

]]></system-out>
  </testcase>
  <testcase name="shouldAddNumbersGivenOperand0(int, int)[2]" classname="com.endava.calculator.CalculatorTest" time="0.004">
    <system-out><![CDATA[
Before Each
19:40:42.941 [main] INFO  com.endava.extensions.TestReporterExtension - Starting test CalculatorTest/[2] 2, 0
2
19:40:42.941 [main] INFO  com.endava.extensions.TestReporterExtension - Finishing test CalculatorTest/[2] 2, 0
After Each

]]></system-out>
  </testcase>
  <testcase name="shouldMultiplyOneOperand" classname="com.endava.calculator.CalculatorTest" time="0.002">
    <system-out><![CDATA[
Before Each
19:40:42.945 [main] INFO  com.endava.extensions.TestReporterExtension - Starting test CalculatorTest/shouldMultiplyOneOperand()
167
19:40:42.947 [main] INFO  com.endava.extensions.TestReporterExtension - Finishing test CalculatorTest/shouldMultiplyOneOperand()
After Each

]]></system-out>
  </testcase>
  <testcase name="shouldPowNumbersGivenOperand0(int, int)[1]" classname="com.endava.calculator.CalculatorTest" time="0">
    <system-out><![CDATA[
Before Each
19:40:42.951 [main] INFO  com.endava.extensions.TestReporterExtension - Starting test CalculatorTest/[1] 0, 2
0.0
19:40:42.951 [main] INFO  com.endava.extensions.TestReporterExtension - Finishing test CalculatorTest/[1] 0, 2
After Each

]]></system-out>
  </testcase>
  <testcase name="shouldPowNumbersGivenOperand0(int, int)[2]" classname="com.endava.calculator.CalculatorTest" time="0.002">
    <system-out><![CDATA[
Before Each
19:40:42.955 [main] INFO  com.endava.extensions.TestReporterExtension - Starting test CalculatorTest/[2] 2, 0
1.0
19:40:42.955 [main] INFO  com.endava.extensions.TestReporterExtension - Finishing test CalculatorTest/[2] 2, 0
After Each

]]></system-out>
  </testcase>
  <testcase name="shouldPowNumbersGivenOperand1(int, int)[1]" classname="com.endava.calculator.CalculatorTest" time="0">
    <system-out><![CDATA[
Before Each
19:40:42.957 [main] INFO  com.endava.extensions.TestReporterExtension - Starting test CalculatorTest/[1] 1, 2
1.0
19:40:42.957 [main] INFO  com.endava.extensions.TestReporterExtension - Finishing test CalculatorTest/[1] 1, 2
After Each

]]></system-out>
  </testcase>
  <testcase name="shouldPowNumbersGivenOperand1(int, int)[2]" classname="com.endava.calculator.CalculatorTest" time="0.004">
    <system-out><![CDATA[
Before Each
19:40:42.961 [main] INFO  com.endava.extensions.TestReporterExtension - Starting test CalculatorTest/[2] 2, 1
2.0
19:40:42.961 [main] INFO  com.endava.extensions.TestReporterExtension - Finishing test CalculatorTest/[2] 2, 1
After Each

]]></system-out>
  </testcase>
  <testcase name="shouldAddNegativeNumbers" classname="com.endava.calculator.CalculatorTest" time="0">
    <system-out><![CDATA[
Before Each
19:40:42.961 [main] INFO  com.endava.extensions.TestReporterExtension - Starting test CalculatorTest/shouldAddNegativeNumbers()
-6
19:40:42.961 [main] INFO  com.endava.extensions.TestReporterExtension - Finishing test CalculatorTest/shouldAddNegativeNumbers()
After Each

]]></system-out>
  </testcase>
  <testcase name="shouldAddOneOperand" classname="com.endava.calculator.CalculatorTest" time="0.004">
    <system-out><![CDATA[
Before Each
19:40:42.961 [main] INFO  com.endava.extensions.TestReporterExtension - Starting test CalculatorTest/shouldAddOneOperand()
167
19:40:42.965 [main] INFO  com.endava.extensions.TestReporterExtension - Finishing test CalculatorTest/shouldAddOneOperand()
After Each

]]></system-out>
  </testcase>
  <testcase name="shouldFactNumbersGivenOperand0" classname="com.endava.calculator.CalculatorTest" time="0.002">
    <system-out><![CDATA[
Before Each
19:40:42.967 [main] INFO  com.endava.extensions.TestReporterExtension - Starting test CalculatorTest/shouldFactNumbersGivenOperand0()
1
19:40:42.967 [main] INFO  com.endava.extensions.TestReporterExtension - Finishing test CalculatorTest/shouldFactNumbersGivenOperand0()
After Each

]]></system-out>
  </testcase>
  <testcase name="shouldFactNumbersGivenOperand1" classname="com.endava.calculator.CalculatorTest" time="0">
    <system-out><![CDATA[
Before Each
19:40:42.967 [main] INFO  com.endava.extensions.TestReporterExtension - Starting test CalculatorTest/shouldFactNumbersGivenOperand1()
1
19:40:42.967 [main] INFO  com.endava.extensions.TestReporterExtension - Finishing test CalculatorTest/shouldFactNumbersGivenOperand1()
After Each

]]></system-out>
  </testcase>
  <testcase name="shouldMultiplyBigNumbers" classname="com.endava.calculator.CalculatorTest" time="0">
    <system-out><![CDATA[
Before Each
19:40:42.967 [main] INFO  com.endava.extensions.TestReporterExtension - Starting test CalculatorTest/shouldMultiplyBigNumbers()
2147483647
19:40:42.967 [main] INFO  com.endava.extensions.TestReporterExtension - Finishing test CalculatorTest/shouldMultiplyBigNumbers()
After Each

]]></system-out>
  </testcase>
</testsuite>